<?xml version="1.0" encoding="UTF-8"?>
<testng-results skipped="0" failed="0" ignored="0" total="1" passed="1">
  <reporter-output>
  </reporter-output>
  <suite name="Default suite" duration-ms="13459" started-at="2018-10-11T10:13:42Z" finished-at="2018-10-11T10:13:55Z">
    <groups>
      <group name="cucumber">
        <method signature="AbstractTestNGCucumberTests.feature(cucumber.api.testng.CucumberFeatureWrapper)[pri:0, instance:Runner.TestRunner@a67c67e]" name="feature" class="cucumber.api.testng.AbstractTestNGCucumberTests"/>
      </group> <!-- cucumber -->
    </groups>
    <test name="Default test" duration-ms="13459" started-at="2018-10-11T10:13:42Z" finished-at="2018-10-11T10:13:55Z">
      <class name="Runner.TestRunner">
        <test-method status="PASS" signature="setUpClass()[pri:0, instance:Runner.TestRunner@a67c67e]" name="setUpClass" is-config="true" duration-ms="296" started-at="2018-10-11T10:13:42Z" finished-at="2018-10-11T10:13:42Z">
          <reporter-output>
          </reporter-output>
        </test-method> <!-- setUpClass -->
        <test-method status="PASS" signature="feature(cucumber.api.testng.CucumberFeatureWrapper)[pri:0, instance:Runner.TestRunner@a67c67e]" name="feature" duration-ms="13040" started-at="2018-10-11T10:13:42Z" description="Runs Cucumber Feature" data-provider="features" finished-at="2018-10-11T10:13:55Z">
          <params>
            <param index="0">
              <value>
                <![CDATA[Validating LUCIE Customer services with db verification.]]>
              </value>
            </param>
          </params>
          <reporter-output>
          </reporter-output>
        </test-method> <!-- feature -->
        <test-method status="PASS" signature="tearDownClass()[pri:0, instance:Runner.TestRunner@a67c67e]" name="tearDownClass" is-config="true" duration-ms="24" started-at="2018-10-11T10:13:55Z" finished-at="2018-10-11T10:13:55Z">
          <reporter-output>
          </reporter-output>
        </test-method> <!-- tearDownClass -->
      </class> <!-- Runner.TestRunner -->
    </test> <!-- Default test -->
  </suite> <!-- Default suite -->
</testng-results>
